<?xml version="1.0" encoding="utf-8"?><testsuites name="pytest tests"><testsuite name="pytest" errors="0" failures="0" skipped="0" tests="19" time="9.122" timestamp="2026-03-29T19:56:32.482631+00:00" hostname="agent-env-3de2c4d1-5d57-4a9d-a5f9-87c734e1306d"><testcase classname="tests.test_backend_apis.TestHealthEndpoints" name="test_root_endpoint" time="0.500" /><testcase classname="tests.test_backend_apis.TestHealthEndpoints" name="test_health_endpoint" time="0.376" /><testcase classname="tests.test_backend_apis.TestDashboard" name="test_dashboard_returns_widgets" time="0.323" /><testcase classname="tests.test_backend_apis.TestAlerts" name="test_get_alert_status" time="0.218" /><testcase classname="tests.test_backend_apis.TestAlerts" name="test_toggle_alert_storm_mode" time="0.555" /><testcase classname="tests.test_backend_apis.TestAlerts" name="test_toggle_alert_syncs_air_raid_and_storm" time="0.543" /><testcase classname="tests.test_backend_apis.TestAlerts" name="test_get_live_alert_status" time="0.397" /><testcase classname="tests.test_backend_apis.TestTransport" name="test_get_routes" time="0.409" /><testcase classname="tests.test_backend_apis.TestTransport" name="test_buy_ticket_and_verify" time="0.391" /><testcase classname="tests.test_backend_apis.TestTransport" name="test_get_bridges" time="0.298" /><testcase classname="tests.test_backend_apis.TestCoastalSafety" name="test_get_coastal_zones" time="0.398" /><testcase classname="tests.test_backend_apis.TestCoastalSafety" name="test_get_eco_data" time="0.399" /><testcase classname="tests.test_backend_apis.TestLightReporting" name="test_create_light_report_and_verify" time="0.408" /><testcase classname="tests.test_backend_apis.TestLightReporting" name="test_get_light_reports" time="0.389" /><testcase classname="tests.test_backend_apis.TestLightReporting" name="test_get_light_summary" time="0.302" /><testcase classname="tests.test_backend_apis.TestPanicAlarm" name="test_trigger_panic_alarm" time="0.378" /><testcase classname="tests.test_backend_apis.TestPanicAlarm" name="test_get_ws_status" time="0.323" /><testcase classname="tests.test_backend_apis.TestServices" name="test_get_services" time="0.396" /><testcase classname="tests.test_backend_apis.TestChatbot" name="test_chat_with_uncle_zhora" time="1.801" /></testsuite></testsuites>